<?xml version='1.0' encoding='UTF-8'?>
<testsuite hostname="Usuario" name="checkin.application.CheckInUseCaseSpec" tests="3" errors="0" failures="0" skipped="0" time="0.059" timestamp="2026-04-24T22:08:14">
          <properties>
[...]
</properties>
          <testcase classname="checkin.application.CheckInUseCaseSpec" name="registra correctamente pasajero, equipajes y eventos en outbox" time="0.043">
                      
                    </testcase><testcase classname="checkin.application.CheckInUseCaseSpec" name="rechaza check-in si un equipaje excede el peso máximo" time="0.015">
                      
                    </testcase><testcase classname="checkin.application.CheckInUseCaseSpec" name="rechaza check-in si no hay equipajes" time="0.001">
                      
                    </testcase>
          <system-out><![CDATA[]]></system-out>
          <system-err><![CDATA[]]></system-err>
        </testsuite>